l_sol 1(crash) 3(incorrect) 7(crash) 9(incorrect) 
j_sol 1(correct) 3(crash) 7(correct) 9(crash) 
i_sol 1(correct) 3(correct) 7(incorrect) 9(incorrect) 
k_sol 1(correct) 3(correct) 7(incorrect) 9(crash) 
q_sol 1(incorrect) 3(crash) 7(incorrect) 9(crash) 
r_sol 1(crash) 3(incorrect) 7(correct) 9(crash) 
s_sol 1(crash) 3(crash) 7(crash) 9(correct) 
b_sol 1(correct) 3(incorrect) 7(crash) 9(correct) 
h_sol 1(crash) 3(correct) 7(incorrect) 9(correct) 
m_sol 1(correct) 3(incorrect) 7(crash) 9(crash) 
c_sol 1(incorrect) 3(crash) 7(correct) 9(correct) 
a_sol 1(correct) 3(incorrect) 7(correct) 9(correct) 
d_sol 1(incorrect) 3(correct) 7(correct) 9(crash) 
o_sol 1(incorrect) 3(incorrect) 7(crash) 9(incorrect) 
e_sol 1(crash) 3(correct) 7(correct) 9(correct) 
n_sol 1(incorrect) 3(correct) 7(incorrect) 9(correct) 
t_sol 1(incorrect) 3(correct) 7(crash) 9(correct) 
p_sol 1(correct) 3(crash) 7(correct) 9(correct) 
f_sol 1(correct) 3(crash) 7(crash) 9(incorrect) 
g_sol 1(correct) 3(correct) 7(correct) 9(incorrect) 
